[35m[1mScanning dependencies of target laser_converter[0m
[ 66%] [32mBuilding CXX object CMakeFiles/laser_converter.dir/src/run_LaserConverter.cpp.o[0m
[ 66%] [32mBuilding CXX object CMakeFiles/laser_converter.dir/src/LaserConverter.cpp.o[0m
[01m[K/root/projects/door_ws/src/door_cghr/src/LaserConverter.cpp:1:10:[m[K [01;31m[Kfatal error: [m[Kdoor_cghr/LaserConverter.h: No such file or directory
 #include [01;31m[K"door_cghr/LaserConverter.h"[m[K
          [01;31m[K^~~~~~~~~~~~~~~~~~~~~~~~~~~~[m[K
compilation terminated.
CMakeFiles/laser_converter.dir/build.make:62: recipe for target 'CMakeFiles/laser_converter.dir/src/LaserConverter.cpp.o' failed
make[2]: *** [CMakeFiles/laser_converter.dir/src/LaserConverter.cpp.o] Error 1
make[2]: *** Waiting for unfinished jobs....
[01m[K/root/projects/door_ws/src/door_cghr/src/run_LaserConverter.cpp:2:10:[m[K [01;31m[Kfatal error: [m[Kdoor_cghr/LaserConverter.h: No such file or directory
 #include [01;31m[K"door_cghr/LaserConverter.h"[m[K
          [01;31m[K^~~~~~~~~~~~~~~~~~~~~~~~~~~~[m[K
compilation terminated.
CMakeFiles/laser_converter.dir/build.make:86: recipe for target 'CMakeFiles/laser_converter.dir/src/run_LaserConverter.cpp.o' failed
make[2]: *** [CMakeFiles/laser_converter.dir/src/run_LaserConverter.cpp.o] Error 1
CMakeFiles/Makefile2:67: recipe for target 'CMakeFiles/laser_converter.dir/all' failed
make[1]: *** [CMakeFiles/laser_converter.dir/all] Error 2
Makefile:140: recipe for target 'all' failed
make: *** [all] Error 2
