Determining if the pthread_create exist failed with the following output:
Change Dir: /root/projects/door_ws/build/catkin_tools_prebuild/CMakeFiles/CMakeTmp

Run Build Command:"/usr/bin/make" "cmTC_ed25b/fast"
/usr/bin/make -f CMakeFiles/cmTC_ed25b.dir/build.make CMakeFiles/cmTC_ed25b.dir/build
make[1]: Entering directory '/root/projects/door_ws/build/catkin_tools_prebuild/CMakeFiles/CMakeTmp'
Building C object CMakeFiles/cmTC_ed25b.dir/CheckSymbolExists.c.o
/usr/bin/cc    -o CMakeFiles/cmTC_ed25b.dir/CheckSymbolExists.c.o   -c /root/projects/door_ws/build/catkin_tools_prebuild/CMakeFiles/CMakeTmp/CheckSymbolExists.c
Linking C executable cmTC_ed25b
/usr/bin/cmake -E cmake_link_script CMakeFiles/cmTC_ed25b.dir/link.txt --verbose=1
/usr/bin/cc      -rdynamic CMakeFiles/cmTC_ed25b.dir/CheckSymbolExists.c.o  -o cmTC_ed25b 
CMakeFiles/cmTC_ed25b.dir/CheckSymbolExists.c.o: In function `main':
CheckSymbolExists.c:(.text+0x1b): undefined reference to `pthread_create'
collect2: error: ld returned 1 exit status
CMakeFiles/cmTC_ed25b.dir/build.make:97: recipe for target 'cmTC_ed25b' failed
make[1]: *** [cmTC_ed25b] Error 1
make[1]: Leaving directory '/root/projects/door_ws/build/catkin_tools_prebuild/CMakeFiles/CMakeTmp'
Makefile:126: recipe for target 'cmTC_ed25b/fast' failed
make: *** [cmTC_ed25b/fast] Error 2

File /root/projects/door_ws/build/catkin_tools_prebuild/CMakeFiles/CMakeTmp/CheckSymbolExists.c:
/* */
#include <pthread.h>

int main(int argc, char** argv)
{
  (void)argv;
#ifndef pthread_create
  return ((int*)(&pthread_create))[argc];
#else
  (void)argc;
  return 0;
#endif
}

Determining if the function pthread_create exists in the pthreads failed with the following output:
Change Dir: /root/projects/door_ws/build/catkin_tools_prebuild/CMakeFiles/CMakeTmp

Run Build Command:"/usr/bin/make" "cmTC_5a817/fast"
/usr/bin/make -f CMakeFiles/cmTC_5a817.dir/build.make CMakeFiles/cmTC_5a817.dir/build
make[1]: Entering directory '/root/projects/door_ws/build/catkin_tools_prebuild/CMakeFiles/CMakeTmp'
Building C object CMakeFiles/cmTC_5a817.dir/CheckFunctionExists.c.o
/usr/bin/cc   -DCHECK_FUNCTION_EXISTS=pthread_create   -o CMakeFiles/cmTC_5a817.dir/CheckFunctionExists.c.o   -c /usr/share/cmake-3.10/Modules/CheckFunctionExists.c
Linking C executable cmTC_5a817
/usr/bin/cmake -E cmake_link_script CMakeFiles/cmTC_5a817.dir/link.txt --verbose=1
/usr/bin/cc  -DCHECK_FUNCTION_EXISTS=pthread_create    -rdynamic CMakeFiles/cmTC_5a817.dir/CheckFunctionExists.c.o  -o cmTC_5a817 -lpthreads 
/usr/bin/ld: cannot find -lpthreads
collect2: error: ld returned 1 exit status
CMakeFiles/cmTC_5a817.dir/build.make:97: recipe for target 'cmTC_5a817' failed
make[1]: *** [cmTC_5a817] Error 1
make[1]: Leaving directory '/root/projects/door_ws/build/catkin_tools_prebuild/CMakeFiles/CMakeTmp'
Makefile:126: recipe for target 'cmTC_5a817/fast' failed
make: *** [cmTC_5a817/fast] Error 2


