Determining if the pthread_create exist failed with the following output:
Change Dir: /root/projects/door_ws/build/door_cghr/CMakeFiles/CMakeTmp

Run Build Command:"/usr/bin/make" "cmTC_5f769/fast"
/usr/bin/make -f CMakeFiles/cmTC_5f769.dir/build.make CMakeFiles/cmTC_5f769.dir/build
make[1]: Entering directory '/root/projects/door_ws/build/door_cghr/CMakeFiles/CMakeTmp'
Building C object CMakeFiles/cmTC_5f769.dir/CheckSymbolExists.c.o
/usr/bin/cc    -o CMakeFiles/cmTC_5f769.dir/CheckSymbolExists.c.o   -c /root/projects/door_ws/build/door_cghr/CMakeFiles/CMakeTmp/CheckSymbolExists.c
Linking C executable cmTC_5f769
/usr/bin/cmake -E cmake_link_script CMakeFiles/cmTC_5f769.dir/link.txt --verbose=1
/usr/bin/cc      -rdynamic CMakeFiles/cmTC_5f769.dir/CheckSymbolExists.c.o  -o cmTC_5f769 
CMakeFiles/cmTC_5f769.dir/CheckSymbolExists.c.o: In function `main':
CheckSymbolExists.c:(.text+0x1b): undefined reference to `pthread_create'
collect2: error: ld returned 1 exit status
CMakeFiles/cmTC_5f769.dir/build.make:97: recipe for target 'cmTC_5f769' failed
make[1]: *** [cmTC_5f769] Error 1
make[1]: Leaving directory '/root/projects/door_ws/build/door_cghr/CMakeFiles/CMakeTmp'
Makefile:126: recipe for target 'cmTC_5f769/fast' failed
make: *** [cmTC_5f769/fast] Error 2

File /root/projects/door_ws/build/door_cghr/CMakeFiles/CMakeTmp/CheckSymbolExists.c:
/* */
#include <pthread.h>

int main(int argc, char** argv)
{
  (void)argv;
#ifndef pthread_create
  return ((int*)(&pthread_create))[argc];
#else
  (void)argc;
  return 0;
#endif
}

Determining if the function pthread_create exists in the pthreads failed with the following output:
Change Dir: /root/projects/door_ws/build/door_cghr/CMakeFiles/CMakeTmp

Run Build Command:"/usr/bin/make" "cmTC_a65cf/fast"
/usr/bin/make -f CMakeFiles/cmTC_a65cf.dir/build.make CMakeFiles/cmTC_a65cf.dir/build
make[1]: Entering directory '/root/projects/door_ws/build/door_cghr/CMakeFiles/CMakeTmp'
Building C object CMakeFiles/cmTC_a65cf.dir/CheckFunctionExists.c.o
/usr/bin/cc   -DCHECK_FUNCTION_EXISTS=pthread_create   -o CMakeFiles/cmTC_a65cf.dir/CheckFunctionExists.c.o   -c /usr/share/cmake-3.10/Modules/CheckFunctionExists.c
Linking C executable cmTC_a65cf
/usr/bin/cmake -E cmake_link_script CMakeFiles/cmTC_a65cf.dir/link.txt --verbose=1
/usr/bin/cc  -DCHECK_FUNCTION_EXISTS=pthread_create    -rdynamic CMakeFiles/cmTC_a65cf.dir/CheckFunctionExists.c.o  -o cmTC_a65cf -lpthreads 
/usr/bin/ld: cannot find -lpthreads
collect2: error: ld returned 1 exit status
CMakeFiles/cmTC_a65cf.dir/build.make:97: recipe for target 'cmTC_a65cf' failed
make[1]: *** [cmTC_a65cf] Error 1
make[1]: Leaving directory '/root/projects/door_ws/build/door_cghr/CMakeFiles/CMakeTmp'
Makefile:126: recipe for target 'cmTC_a65cf/fast' failed
make: *** [cmTC_a65cf/fast] Error 2


